[
  {
    "timestamp": "2025-05-10T21:17:38.839Z",
    "action": "proxy-direct-connect",
    "details": {
      "reason": "no-active-proxies"
    }
  },
  {
    "timestamp": "2025-05-10T21:17:40.668Z",
    "action": "proxy-direct-connect",
    "details": {
      "reason": "no-active-proxies"
    }
  },
  {
    "timestamp": "2025-05-10T21:17:40.877Z",
    "action": "proxy-direct-connect",
    "details": {
      "reason": "no-active-proxies"
    }
  },
  {
    "timestamp": "2025-05-10T21:17:41.786Z",
    "action": "proxy-direct-connect",
    "details": {
      "reason": "no-active-proxies"
    }
  },
  {
    "timestamp": "2025-05-10T21:17:43.956Z",
    "action": "proxy-direct-connect",
    "details": {
      "reason": "no-active-proxies"
    }
  },
  {
    "timestamp": "2025-05-10T21:17:48.042Z",
    "action": "proxy-direct-connect",
    "details": {
      "reason": "no-active-proxies"
    }
  },
  {
    "timestamp": "2025-05-10T21:18:05.195Z",
    "action": "proxy-direct-connect",
    "details": {
      "reason": "no-active-proxies"
    }
  },
  {
    "timestamp": "2025-05-10T21:18:05.693Z",
    "action": "proxy-direct-connect",
    "details": {
      "reason": "no-active-proxies"
    }
  }
]