[
  {
    "timestamp": "2025-05-10T21:08:04.641Z",
    "action": "proxy-direct-connect",
    "details": {
      "reason": "no-active-proxies"
    }
  },
  {
    "timestamp": "2025-05-10T21:08:06.600Z",
    "action": "proxy-direct-connect",
    "details": {
      "reason": "no-active-proxies"
    }
  },
  {
    "timestamp": "2025-05-10T21:08:07.009Z",
    "action": "proxy-direct-connect",
    "details": {
      "reason": "no-active-proxies"
    }
  },
  {
    "timestamp": "2025-05-10T21:08:08.095Z",
    "action": "proxy-direct-connect",
    "details": {
      "reason": "no-active-proxies"
    }
  },
  {
    "timestamp": "2025-05-10T21:08:10.316Z",
    "action": "proxy-direct-connect",
    "details": {
      "reason": "no-active-proxies"
    }
  },
  {
    "timestamp": "2025-05-10T21:08:14.478Z",
    "action": "proxy-direct-connect",
    "details": {
      "reason": "no-active-proxies"
    }
  },
  {
    "timestamp": "2025-05-10T21:08:44.601Z",
    "action": "proxy-direct-connect",
    "details": {
      "reason": "no-active-proxies"
    }
  },
  {
    "timestamp": "2025-05-10T21:08:45.664Z",
    "action": "proxy-direct-connect",
    "details": {
      "reason": "no-active-proxies"
    }
  },
  {
    "timestamp": "2025-05-10T21:08:45.925Z",
    "action": "proxy-direct-connect",
    "details": {
      "reason": "no-active-proxies"
    }
  },
  {
    "timestamp": "2025-05-10T21:08:46.815Z",
    "action": "proxy-direct-connect",
    "details": {
      "reason": "no-active-proxies"
    }
  },
  {
    "timestamp": "2025-05-10T21:08:47.056Z",
    "action": "proxy-direct-connect",
    "details": {
      "reason": "no-active-proxies"
    }
  },
  {
    "timestamp": "2025-05-10T21:08:48.923Z",
    "action": "proxy-direct-connect",
    "details": {
      "reason": "no-active-proxies"
    }
  },
  {
    "timestamp": "2025-05-10T21:08:53.257Z",
    "action": "proxy-direct-connect",
    "details": {
      "reason": "no-active-proxies"
    }
  },
  {
    "timestamp": "2025-05-10T21:09:09.363Z",
    "action": "proxy-direct-connect",
    "details": {
      "reason": "no-active-proxies"
    }
  },
  {
    "timestamp": "2025-05-10T21:09:10.706Z",
    "action": "proxy-direct-connect",
    "details": {
      "reason": "no-active-proxies"
    }
  },
  {
    "timestamp": "2025-05-10T21:09:10.982Z",
    "action": "proxy-direct-connect",
    "details": {
      "reason": "no-active-proxies"
    }
  },
  {
    "timestamp": "2025-05-10T21:09:11.818Z",
    "action": "proxy-direct-connect",
    "details": {
      "reason": "no-active-proxies"
    }
  },
  {
    "timestamp": "2025-05-10T21:09:12.070Z",
    "action": "proxy-direct-connect",
    "details": {
      "reason": "no-active-proxies"
    }
  },
  {
    "timestamp": "2025-05-10T21:09:14.040Z",
    "action": "proxy-direct-connect",
    "details": {
      "reason": "no-active-proxies"
    }
  },
  {
    "timestamp": "2025-05-10T21:09:14.184Z",
    "action": "proxy-direct-connect",
    "details": {
      "reason": "no-active-proxies"
    }
  },
  {
    "timestamp": "2025-05-10T21:09:18.374Z",
    "action": "proxy-direct-connect",
    "details": {
      "reason": "no-active-proxies"
    }
  },
  {
    "timestamp": "2025-05-10T21:09:18.441Z",
    "action": "proxy-direct-connect",
    "details": {
      "reason": "no-active-proxies"
    }
  },
  {
    "timestamp": "2025-05-10T21:09:38.543Z",
    "action": "proxy-direct-connect",
    "details": {
      "reason": "no-active-proxies"
    }
  },
  {
    "timestamp": "2025-05-10T21:09:39.175Z",
    "action": "proxy-direct-connect",
    "details": {
      "reason": "no-active-proxies"
    }
  },
  {
    "timestamp": "2025-05-10T21:09:39.657Z",
    "action": "proxy-direct-connect",
    "details": {
      "reason": "no-active-proxies"
    }
  },
  {
    "timestamp": "2025-05-10T21:09:39.741Z",
    "action": "proxy-direct-connect",
    "details": {
      "reason": "no-active-proxies"
    }
  },
  {
    "timestamp": "2025-05-10T21:09:40.731Z",
    "action": "proxy-direct-connect",
    "details": {
      "reason": "no-active-proxies"
    }
  },
  {
    "timestamp": "2025-05-10T21:09:41.888Z",
    "action": "proxy-direct-connect",
    "details": {
      "reason": "no-active-proxies"
    }
  },
  {
    "timestamp": "2025-05-10T21:09:42.918Z",
    "action": "proxy-direct-connect",
    "details": {
      "reason": "no-active-proxies"
    }
  },
  {
    "timestamp": "2025-05-10T21:09:47.192Z",
    "action": "proxy-direct-connect",
    "details": {
      "reason": "no-active-proxies"
    }
  }
]