2025-05-10 07:10:40,888 - semgrep.notifications - WARNING - METRICS: Using configs from the Registry (like --config=p/ci) reports pseudonymous rule metrics to semgrep.dev.
To disable Registry rule metrics, use "--metrics=off".
Using configs only from local files (like --config=xyz.yml) does not enable metrics.

More information: https://semgrep.dev/docs/metrics

2025-05-10 07:10:40,889 - semgrep.run_scan - DEBUG - semgrep version 1.2.0
2025-05-10 07:10:40,894 - semgrep.git - DEBUG - Failed to get project url from 'git ls-remote': Command failed with exit code: 128
-----
Command failed with output:
fatal: No remote configured to list refs from.


Failed to run 'git ls-remote --get-url'. Possible reasons:

- the git binary is not available
- the current working directory is not a git repository
- the baseline commit is not a parent of the current commit
    (if you are running through semgrep-app, check if you are setting `SEMGREP_BRANCH` or `SEMGREP_BASELINE_COMMIT` properly)
- the current working directory is not marked as safe
    (fix with `git config --global --add safe.directory $(pwd)`)

Try running the command yourself to debug the issue.
2025-05-10 07:10:40,895 - semgrep.config_resolver - DEBUG - Loading local config from /home/runner/workspace/.config/.semgrep/semgrep_rules.json
2025-05-10 07:10:40,897 - semgrep.config_resolver - DEBUG - Done loading local config from /home/runner/workspace/.config/.semgrep/semgrep_rules.json
2025-05-10 07:10:40,901 - semgrep.config_resolver - DEBUG - Saving rules to /tmp/semgrep-6qlv1ryx.rules
2025-05-10 07:10:41,183 - semgrep.semgrep_core - DEBUG - Failed to open resource semgrep-core-proprietary: [Errno 2] No such file or directory: '/tmp/_MEIj7QTL8/semgrep/bin/semgrep-core-proprietary'.
2025-05-10 07:10:41,889 - semgrep.rule_lang - DEBUG - semgrep-core validation response: valid=True
2025-05-10 07:10:41,890 - semgrep.rule_lang - DEBUG - semgrep-core validation succeeded
2025-05-10 07:10:41,890 - semgrep.rule_lang - DEBUG - RPC validation succeeded
2025-05-10 07:10:41,894 - semgrep.config_resolver - DEBUG - loaded 1 configs in 0.9992051124572754
2025-05-10 07:10:42,103 - semgrep.run_scan - VERBOSE - running 1250 rules from 1 config /home/runner/workspace/.config/.semgrep/semgrep_rules.json_0
2025-05-10 07:10:42,104 - semgrep.run_scan - VERBOSE - No .semgrepignore found. Using default .semgrepignore rules. See the docs for the list of default ignores: https://semgrep.dev/docs/cli-usage/#ignore-files
2025-05-10 07:10:42,107 - semgrep.run_scan - VERBOSE - Rules:
2025-05-10 07:10:42,107 - semgrep.run_scan - VERBOSE - <SKIPPED DATA (too many entries; use --max-log-list-entries)>
2025-05-10 07:10:42,497 - semgrep.core_runner - DEBUG - Passing whole rules directly to semgrep_core
2025-05-10 07:10:42,673 - semgrep.core_runner - DEBUG - Running Semgrep engine with command:
2025-05-10 07:10:42,674 - semgrep.core_runner - DEBUG - /tmp/_MEIj7QTL8/semgrep/bin/opengrep-core -json -rules /tmp/tmpioim8vt5.json -j 8 -targets /tmp/tmppwlikf0b -timeout 5 -timeout_threshold 3 -max_memory 0 -fast
2025-05-10 07:10:48,750 - semgrep.core_runner - DEBUG - --- semgrep-core stderr ---
[00.07][[34mINFO[0m]: Executed as: /tmp/_MEIj7QTL8/semgrep/bin/opengrep-core -json -rules /tmp/tmpioim8vt5.json -j 8 -targets /tmp/tmppwlikf0b -timeout 5 -timeout_threshold 3 -max_memory 0 -fast
[00.07][[34mINFO[0m]: Version: 1.2.0
[00.07][[34mINFO[0m]: Parsing rules in /tmp/tmpioim8vt5.json
[00.86][[34mINFO[0m]: scan: processing 254 files (skipping 0), with 487 rules (skipping 0 )
[01.75][[33mWARNING[0m]: Fixpoint timeout while performing taint analysis [rule: config..semgrep.vendored-rules.javascript.lang.security.audit.detect-non-literal-require file: client/src/components/ui/sidebar.tsx func: ???]
[0m[03.23][[33mWARNING[0m]: Fixpoint timeout while performing taint analysis [rule: config..semgrep.vendored-rules.javascript.lang.security.audit.detect-non-literal-require file: server/routes-industry.ts func: generateIndustryContacts:15244]
[0m[03.53][[33mWARNING[0m]: Fixpoint timeout while performing taint analysis [rule: config..semgrep.vendored-rules.javascript.lang.security.audit.code-string-concat file: server/routes.ts func: registerRoutes:12214]
[0m[06.03][[34mINFO[0m]: Custom ignore pattern: None
[06.03][[34mINFO[0m]: Custom ignore pattern: None
--- end semgrep-core stderr ---
2025-05-10 07:10:48,759 - semgrep.rule_match - DEBUG - match_key = ('', PosixPath('client/index.html'), 'config..semgrep.vendored-rules.html.security.audit.missing-integrity') match_id = 0ee74fd49637bebe183eca7188dbde26e386314e62cc2e7ba1ee60b377b638243fcd84e6c6fa04886198ccacfa6a711bfbcc61a28f9ddc913d5b3c53083cbc90_0
2025-05-10 07:10:48,759 - semgrep.rule_match - DEBUG - match_key = (' type="text/javascript" src="https://replit.com/public/js/replit-dev-banner.js" (?is).*integrity= (google-analytics\\.com|fonts\\.googleapis\\.com|fonts\\.gstatic\\.com|googletagmanager\\.com) .*rel\\s*=\\s*[\'"]?preconnect.* href="... :// ..." href="//..." href=\'... :// ...\' href=\'//...\' src="... :// ..." src="//..." src=\'... :// ...\' src=\'//...\' <link  type="text/javascript" src="https://replit.com/public/js/replit-dev-banner.js" > <script  type="text/javascript" src="https://replit.com/public/js/replit-dev-banner.js" >...</script>', PosixPath('client/index.html'), 'config..semgrep.vendored-rules.html.security.audit.missing-integrity') match_id = 0728b64e224596592d04447ba8a642ff94e1fb9fcc07be26d49dc7e7f6898e638ad16ffcaca086932c58f4c6400fe32603323afef02cf9bfebcb0e4a53562a40_0
2025-05-10 07:10:48,760 - semgrep.rule_match - DEBUG - match_key = (' type="text/javascript" src="https://replit.com/public/js/replit-dev-banner.js" (?is).*integrity= (google-analytics\\.com|fonts\\.googleapis\\.com|fonts\\.gstatic\\.com|googletagmanager\\.com) .*rel\\s*=\\s*[\'"]?preconnect.* href="... :// ..." href="//..." href=\'... :// ...\' href=\'//...\' src="... :// ..." src="//..." src=\'... :// ...\' src=\'//...\' <link  type="text/javascript" src="https://replit.com/public/js/replit-dev-banner.js" > <script  type="text/javascript" src="https://replit.com/public/js/replit-dev-banner.js" >...</script>', PosixPath('client/index.html'), 'config..semgrep.vendored-rules.html.security.audit.missing-integrity') match_id = 0728b64e224596592d04447ba8a642ff94e1fb9fcc07be26d49dc7e7f6898e638ad16ffcaca086932c58f4c6400fe32603323afef02cf9bfebcb0e4a53562a40_0
2025-05-10 07:10:48,760 - semgrep.rule_match - DEBUG - match_key = (' type="text/javascript" src="https://replit.com/public/js/replit-dev-banner.js" (?is).*integrity= (google-analytics\\.com|fonts\\.googleapis\\.com|fonts\\.gstatic\\.com|googletagmanager\\.com) .*rel\\s*=\\s*[\'"]?preconnect.* href="... :// ..." href="//..." href=\'... :// ...\' href=\'//...\' src="... :// ..." src="//..." src=\'... :// ...\' src=\'//...\' <link  type="text/javascript" src="https://replit.com/public/js/replit-dev-banner.js" > <script  type="text/javascript" src="https://replit.com/public/js/replit-dev-banner.js" >...</script>', PosixPath('client/index.html'), 'config..semgrep.vendored-rules.html.security.audit.missing-integrity') match_id = 0728b64e224596592d04447ba8a642ff94e1fb9fcc07be26d49dc7e7f6898e638ad16ffcaca086932c58f4c6400fe32603323afef02cf9bfebcb0e4a53562a40_0
2025-05-10 07:10:48,761 - semgrep.rule_match - DEBUG - match_key = ('', PosixPath('server/api/scraper-service.ts'), 'config..semgrep.vendored-rules.javascript.jquery.security.audit.prohibit-jquery-html') match_id = cf43cadebdfe320e52fe2923f02959112131a48e20925fe815ecc7348328d6f84380d80e8fc78b1c94897c0cf49eb772294d779aeb03de0234d22ddb32e15a3c_0
2025-05-10 07:10:48,761 - semgrep.rule_match - DEBUG - match_key = ('$.html("...",...)\n $.html(...)\n', PosixPath('server/api/scraper-service.ts'), 'config..semgrep.vendored-rules.javascript.jquery.security.audit.prohibit-jquery-html') match_id = ae44e63964de7133b18cc04c2a61d53b293fee18b3324c35b5d4f75336ab518909ff19aba9edb80638f7b528c6a62a7669d4d21ff33cf63864f869b1a1f2d9d6_0
2025-05-10 07:10:48,762 - semgrep.rule_match - DEBUG - match_key = ('$.html("...",...)\n $.html(...)\n', PosixPath('server/api/scraper-service.ts'), 'config..semgrep.vendored-rules.javascript.jquery.security.audit.prohibit-jquery-html') match_id = ae44e63964de7133b18cc04c2a61d53b293fee18b3324c35b5d4f75336ab518909ff19aba9edb80638f7b528c6a62a7669d4d21ff33cf63864f869b1a1f2d9d6_0
2025-05-10 07:10:48,762 - semgrep.rule_match - DEBUG - match_key = ('$.html("...",...)\n $.html(...)\n', PosixPath('server/api/scraper-service.ts'), 'config..semgrep.vendored-rules.javascript.jquery.security.audit.prohibit-jquery-html') match_id = ae44e63964de7133b18cc04c2a61d53b293fee18b3324c35b5d4f75336ab518909ff19aba9edb80638f7b528c6a62a7669d4d21ff33cf63864f869b1a1f2d9d6_0
2025-05-10 07:10:48,763 - semgrep.rule_match - DEBUG - match_key = ('', PosixPath('server/api/scraper-service.ts'), 'config..semgrep.vendored-rules.javascript.jquery.security.audit.prohibit-jquery-html') match_id = cf43cadebdfe320e52fe2923f02959112131a48e20925fe815ecc7348328d6f84380d80e8fc78b1c94897c0cf49eb772294d779aeb03de0234d22ddb32e15a3c_0
2025-05-10 07:10:48,763 - semgrep.rule_match - DEBUG - match_key = ('$.html("...",...)\n $.html(...)\n', PosixPath('server/api/scraper-service.ts'), 'config..semgrep.vendored-rules.javascript.jquery.security.audit.prohibit-jquery-html') match_id = ae44e63964de7133b18cc04c2a61d53b293fee18b3324c35b5d4f75336ab518909ff19aba9edb80638f7b528c6a62a7669d4d21ff33cf63864f869b1a1f2d9d6_0
2025-05-10 07:10:48,764 - semgrep.rule_match - DEBUG - match_key = ('$.html("...",...)\n $.html(...)\n', PosixPath('server/api/scraper-service.ts'), 'config..semgrep.vendored-rules.javascript.jquery.security.audit.prohibit-jquery-html') match_id = ae44e63964de7133b18cc04c2a61d53b293fee18b3324c35b5d4f75336ab518909ff19aba9edb80638f7b528c6a62a7669d4d21ff33cf63864f869b1a1f2d9d6_0
2025-05-10 07:10:48,764 - semgrep.rule_match - DEBUG - match_key = ('$.html("...",...)\n $.html(...)\n', PosixPath('server/api/scraper-service.ts'), 'config..semgrep.vendored-rules.javascript.jquery.security.audit.prohibit-jquery-html') match_id = ae44e63964de7133b18cc04c2a61d53b293fee18b3324c35b5d4f75336ab518909ff19aba9edb80638f7b528c6a62a7669d4d21ff33cf63864f869b1a1f2d9d6_1
2025-05-10 07:10:48,765 - semgrep.rule_match - DEBUG - match_key = ('', PosixPath('server/api/scraper-service.ts'), 'config..semgrep.vendored-rules.javascript.jquery.security.audit.prohibit-jquery-html') match_id = cf43cadebdfe320e52fe2923f02959112131a48e20925fe815ecc7348328d6f84380d80e8fc78b1c94897c0cf49eb772294d779aeb03de0234d22ddb32e15a3c_0
2025-05-10 07:10:48,765 - semgrep.rule_match - DEBUG - match_key = ('$.html("...",...)\n $.html(...)\n', PosixPath('server/api/scraper-service.ts'), 'config..semgrep.vendored-rules.javascript.jquery.security.audit.prohibit-jquery-html') match_id = ae44e63964de7133b18cc04c2a61d53b293fee18b3324c35b5d4f75336ab518909ff19aba9edb80638f7b528c6a62a7669d4d21ff33cf63864f869b1a1f2d9d6_0
2025-05-10 07:10:48,766 - semgrep.rule_match - DEBUG - match_key = ('$.html("...",...)\n $.html(...)\n', PosixPath('server/api/scraper-service.ts'), 'config..semgrep.vendored-rules.javascript.jquery.security.audit.prohibit-jquery-html') match_id = ae44e63964de7133b18cc04c2a61d53b293fee18b3324c35b5d4f75336ab518909ff19aba9edb80638f7b528c6a62a7669d4d21ff33cf63864f869b1a1f2d9d6_0
2025-05-10 07:10:48,767 - semgrep.rule_match - DEBUG - match_key = ('$.html("...",...)\n $.html(...)\n', PosixPath('server/api/scraper-service.ts'), 'config..semgrep.vendored-rules.javascript.jquery.security.audit.prohibit-jquery-html') match_id = ae44e63964de7133b18cc04c2a61d53b293fee18b3324c35b5d4f75336ab518909ff19aba9edb80638f7b528c6a62a7669d4d21ff33cf63864f869b1a1f2d9d6_2
2025-05-10 07:10:48,767 - semgrep.rule_match - DEBUG - match_key = ('', PosixPath('server/api/scraper-service.ts'), 'config..semgrep.vendored-rules.javascript.lang.security.audit.unsafe-formatstring') match_id = 9b53e9b5162b311442c8c6ebc146aa2dc59bf619639e37f301fa1a278eaaf4634a925f2c1b057656bb2f14f0d83d2b64b9540757797fe070608104edf0dd51d1_0
2025-05-10 07:10:48,768 - semgrep.rule_match - DEBUG - match_key = ('"..." + "..."\n $X + $Y $X.concat($Y) `...${...}...`\n $X.concat("...")\n `Error scraping website for domain: $UTIL = require(\'util\')\n...\n $UTIL.format(`Error scraping website for domain:,error,...)\n console.error(`Error scraping website for domain:,error,...)\n', PosixPath('server/api/scraper-service.ts'), 'config..semgrep.vendored-rules.javascript.lang.security.audit.unsafe-formatstring') match_id = 81e64790fc1d115c1306833d42dbf080745b6d514ee4790aa08e8485840861b33fcdd1a25ecd547ea9970b6c9cd6429d03bc19270324db6007bd02b7e679766b_0
2025-05-10 07:10:48,769 - semgrep.rule_match - DEBUG - match_key = ('"..." + "..."\n $X + $Y $X.concat($Y) `...${...}...`\n $X.concat("...")\n `Error scraping website for domain: $UTIL = require(\'util\')\n...\n $UTIL.format(`Error scraping website for domain:,error,...)\n console.error(`Error scraping website for domain:,error,...)\n', PosixPath('server/api/scraper-service.ts'), 'config..semgrep.vendored-rules.javascript.lang.security.audit.unsafe-formatstring') match_id = 81e64790fc1d115c1306833d42dbf080745b6d514ee4790aa08e8485840861b33fcdd1a25ecd547ea9970b6c9cd6429d03bc19270324db6007bd02b7e679766b_0
2025-05-10 07:10:48,769 - semgrep.rule_match - DEBUG - match_key = ('"..." + "..."\n $X + $Y $X.concat($Y) `...${...}...`\n $X.concat("...")\n `Error scraping website for domain: $UTIL = require(\'util\')\n...\n $UTIL.format(`Error scraping website for domain:,error,...)\n console.error(`Error scraping website for domain:,error,...)\n', PosixPath('server/api/scraper-service.ts'), 'config..semgrep.vendored-rules.javascript.lang.security.audit.unsafe-formatstring') match_id = 81e64790fc1d115c1306833d42dbf080745b6d514ee4790aa08e8485840861b33fcdd1a25ecd547ea9970b6c9cd6429d03bc19270324db6007bd02b7e679766b_0
2025-05-10 07:10:48,773 - semgrep.core_runner - DEBUG - semgrep ran in 0:00:06.275840 on 86 files
2025-05-10 07:10:48,776 - semgrep.core_runner - DEBUG - findings summary: 4 warning, 0 error, 1 info
2025-05-10 07:10:48,780 - semgrep.app.auth - DEBUG - Getting API token from settings file
2025-05-10 07:10:48,780 - semgrep.app.auth - DEBUG - No API token found in settings file
2025-05-10 07:10:48,781 - semgrep.semgrep_core - DEBUG - Failed to open resource semgrep-core-proprietary: [Errno 2] No such file or directory: '/tmp/_MEIj7QTL8/semgrep/bin/semgrep-core-proprietary'.
2025-05-10 07:10:48,893 - semgrep.output - VERBOSE - 
========================================
Files skipped:
========================================

  Always skipped by Opengrep:

   • <none>

  Skipped by .gitignore:
  (Disable by passing --no-git-ignore)

   • <all files not listed by `git ls-files` were skipped>

  Skipped by .semgrepignore:
  - https://semgrep.dev/docs/ignoring-files-folders-code/#understand-semgrep-defaults

   • <none>

  Skipped by --include patterns:

   • <none>

  Skipped by --exclude patterns:

   • <none>

  Files skipped due to insufficient read permissions:

   • <none>

  Skipped by limiting to files smaller than 1000000 bytes:
  (Adjust with the --max-target-bytes flag)

   • <none>

  Partially analyzed due to parsing or internal Opengrep errors

   • tailwind.config.ts (1 lines skipped)

2025-05-10 07:10:48,894 - semgrep.output - INFO - Some files were skipped or only partially analyzed.
  Scan was limited to files tracked by git.
  Partially scanned: 1 files only partially analyzed due to parsing or internal Opengrep errors

Ran 443 rules on 86 files: 5 findings.
2025-05-10 07:10:48,895 - semgrep.app.version - DEBUG - Version cache does not exist
2025-05-10 07:10:48,920 - semgrep.metrics - VERBOSE - Not sending pseudonymous metrics since metrics are configured to OFF and registry usage is False
